2015-01-05 23:24:11,461 [Worker-13] INFO  o.e.m.c.i.e.AbstractTransferListenerAdapter - Downloading http://repo.maven.apache.org/maven2/org/apache/maven/plugins/maven-clean-plugin/2.5/maven-clean-plugin-2.5.jar
2015-01-05 23:24:11,679 [Worker-13] INFO  o.e.m.c.i.e.AbstractTransferListenerAdapter - Downloaded http://repo.maven.apache.org/maven2/org/apache/maven/plugins/maven-clean-plugin/2.5/maven-clean-plugin-2.5.jar
2015-01-05 23:24:11,749 [Worker-13] WARN  o.e.m.c.i.embedder.EclipseLogger - Failed to dispatch repository event to org.eclipse.m2e.core.internal.embedder.EclipseRepositoryListener: null
2015-01-05 23:24:11,837 [Worker-13] INFO  o.e.m.c.i.e.AbstractTransferListenerAdapter - Downloading http://repo.maven.apache.org/maven2/org/apache/maven/plugins/maven-compiler-plugin/2.5.1/maven-compiler-plugin-2.5.1.jar
2015-01-05 23:24:12,018 [Worker-13] INFO  o.e.m.c.i.e.AbstractTransferListenerAdapter - Downloaded http://repo.maven.apache.org/maven2/org/apache/maven/plugins/maven-compiler-plugin/2.5.1/maven-compiler-plugin-2.5.1.jar
2015-01-05 23:24:12,138 [Worker-13] INFO  o.e.m.c.i.e.AbstractTransferListenerAdapter - Downloading http://repo.maven.apache.org/maven2/org/apache/maven/plugins/maven-deploy-plugin/2.7/maven-deploy-plugin-2.7.jar
2015-01-05 23:24:12,413 [Worker-13] INFO  o.e.m.c.i.e.AbstractTransferListenerAdapter - Downloaded http://repo.maven.apache.org/maven2/org/apache/maven/plugins/maven-deploy-plugin/2.7/maven-deploy-plugin-2.7.jar
2015-01-05 23:24:12,496 [Worker-13] INFO  o.e.m.c.i.e.AbstractTransferListenerAdapter - Downloading http://repo.maven.apache.org/maven2/org/apache/maven/plugins/maven-site-plugin/3.3/maven-site-plugin-3.3.jar
2015-01-05 23:24:12,756 [Worker-13] INFO  o.e.m.c.i.e.AbstractTransferListenerAdapter - Downloaded http://repo.maven.apache.org/maven2/org/apache/maven/plugins/maven-site-plugin/3.3/maven-site-plugin-3.3.jar
2015-01-05 23:24:12,835 [Worker-13] INFO  o.e.m.c.i.e.AbstractTransferListenerAdapter - Downloading http://repo.maven.apache.org/maven2/org/apache/maven/plugins/maven-compiler-plugin/2.5.1/maven-compiler-plugin-2.5.1.pom
2015-01-05 23:24:12,907 [Worker-13] INFO  o.e.m.c.i.e.AbstractTransferListenerAdapter - Downloaded http://repo.maven.apache.org/maven2/org/apache/maven/plugins/maven-compiler-plugin/2.5.1/maven-compiler-plugin-2.5.1.pom
2015-01-05 23:24:13,479 [Worker-13] INFO  o.e.m.c.i.e.AbstractTransferListenerAdapter - Downloading http://repo.maven.apache.org/maven2/org/codehaus/plexus/plexus-compiler-api/1.9.1/plexus-compiler-api-1.9.1.pom
2015-01-05 23:24:13,547 [Worker-13] INFO  o.e.m.c.i.e.AbstractTransferListenerAdapter - Downloaded http://repo.maven.apache.org/maven2/org/codehaus/plexus/plexus-compiler-api/1.9.1/plexus-compiler-api-1.9.1.pom
2015-01-05 23:24:13,595 [Worker-13] INFO  o.e.m.c.i.e.AbstractTransferListenerAdapter - Downloading http://repo.maven.apache.org/maven2/org/codehaus/plexus/plexus-compiler/1.9.1/plexus-compiler-1.9.1.pom
2015-01-05 23:24:13,661 [Worker-13] INFO  o.e.m.c.i.e.AbstractTransferListenerAdapter - Downloaded http://repo.maven.apache.org/maven2/org/codehaus/plexus/plexus-compiler/1.9.1/plexus-compiler-1.9.1.pom
2015-01-05 23:24:13,699 [Worker-13] INFO  o.e.m.c.i.e.AbstractTransferListenerAdapter - Downloading http://repo.maven.apache.org/maven2/org/codehaus/plexus/plexus-components/1.1.20/plexus-components-1.1.20.pom
2015-01-05 23:24:13,764 [Worker-13] INFO  o.e.m.c.i.e.AbstractTransferListenerAdapter - Downloaded http://repo.maven.apache.org/maven2/org/codehaus/plexus/plexus-components/1.1.20/plexus-components-1.1.20.pom
2015-01-05 23:24:13,827 [Worker-13] INFO  o.e.m.c.i.e.AbstractTransferListenerAdapter - Downloading http://repo.maven.apache.org/maven2/org/codehaus/plexus/plexus-compiler-manager/1.9.1/plexus-compiler-manager-1.9.1.pom
2015-01-05 23:24:13,897 [Worker-13] INFO  o.e.m.c.i.e.AbstractTransferListenerAdapter - Downloaded http://repo.maven.apache.org/maven2/org/codehaus/plexus/plexus-compiler-manager/1.9.1/plexus-compiler-manager-1.9.1.pom
2015-01-05 23:24:13,942 [Worker-13] INFO  o.e.m.c.i.e.AbstractTransferListenerAdapter - Downloading http://repo.maven.apache.org/maven2/org/codehaus/plexus/plexus-compiler-javac/1.9.1/plexus-compiler-javac-1.9.1.pom
2015-01-05 23:24:14,007 [Worker-13] INFO  o.e.m.c.i.e.AbstractTransferListenerAdapter - Downloaded http://repo.maven.apache.org/maven2/org/codehaus/plexus/plexus-compiler-javac/1.9.1/plexus-compiler-javac-1.9.1.pom
2015-01-05 23:24:14,048 [Worker-13] INFO  o.e.m.c.i.e.AbstractTransferListenerAdapter - Downloading http://repo.maven.apache.org/maven2/org/codehaus/plexus/plexus-compilers/1.9.1/plexus-compilers-1.9.1.pom
2015-01-05 23:24:14,111 [Worker-13] INFO  o.e.m.c.i.e.AbstractTransferListenerAdapter - Downloaded http://repo.maven.apache.org/maven2/org/codehaus/plexus/plexus-compilers/1.9.1/plexus-compilers-1.9.1.pom
2015-01-05 23:24:14,167 [Worker-13] INFO  o.e.m.c.i.e.AbstractTransferListenerAdapter - Downloading http://repo.maven.apache.org/maven2/org/codehaus/plexus/plexus-compiler-api/1.9.1/plexus-compiler-api-1.9.1.jar
2015-01-05 23:24:14,240 [Worker-13] INFO  o.e.m.c.i.e.AbstractTransferListenerAdapter - Downloaded http://repo.maven.apache.org/maven2/org/codehaus/plexus/plexus-compiler-api/1.9.1/plexus-compiler-api-1.9.1.jar
2015-01-05 23:24:14,275 [Worker-13] INFO  o.e.m.c.i.e.AbstractTransferListenerAdapter - Downloading http://repo.maven.apache.org/maven2/org/codehaus/plexus/plexus-compiler-manager/1.9.1/plexus-compiler-manager-1.9.1.jar
2015-01-05 23:24:14,405 [Worker-13] INFO  o.e.m.c.i.e.AbstractTransferListenerAdapter - Downloaded http://repo.maven.apache.org/maven2/org/codehaus/plexus/plexus-compiler-manager/1.9.1/plexus-compiler-manager-1.9.1.jar
2015-01-05 23:24:14,452 [Worker-13] INFO  o.e.m.c.i.e.AbstractTransferListenerAdapter - Downloading http://repo.maven.apache.org/maven2/org/codehaus/plexus/plexus-compiler-javac/1.9.1/plexus-compiler-javac-1.9.1.jar
2015-01-05 23:24:14,518 [Worker-13] INFO  o.e.m.c.i.e.AbstractTransferListenerAdapter - Downloaded http://repo.maven.apache.org/maven2/org/codehaus/plexus/plexus-compiler-javac/1.9.1/plexus-compiler-javac-1.9.1.jar
2015-01-05 23:24:14,692 [Worker-13] INFO  o.e.m.c.i.l.LifecycleMappingFactory - Using org.eclipse.m2e.jdt.JarLifecycleMapping lifecycle mapping for MavenProject: Cracking the coding interview:Cracking the coding interview:0.0.1-SNAPSHOT @ /Users/Lydia/GitHub/Cracking-the-coding-interview/Cracking the coding interview/pom.xml.
2015-01-05 23:24:15,181 [Worker-13] INFO  o.e.m.j.i.AbstractJavaProjectConfigurator - Adding source folder /Cracking the coding interview/src
2015-01-05 23:24:15,183 [Worker-13] INFO  o.e.m.j.i.AbstractJavaProjectConfigurator - Not adding source folder /Cracking the coding interview/src/test/java because it overlaps with /Cracking the coding interview/src
2015-01-05 23:24:15,288 [Worker-13] INFO  o.e.m.c.i.p.ProjectConfigurationManager - Update started
2015-01-05 23:24:15,369 [Worker-13] INFO  o.e.m.c.i.l.LifecycleMappingFactory - Using org.eclipse.m2e.jdt.JarLifecycleMapping lifecycle mapping for MavenProject: Cracking the coding interview:Cracking the coding interview:0.0.1-SNAPSHOT @ /Users/Lydia/GitHub/Cracking-the-coding-interview/Cracking the coding interview/pom.xml.
2015-01-05 23:24:15,497 [Worker-13] INFO  o.e.m.j.i.AbstractJavaProjectConfigurator - Adding source folder /Cracking the coding interview/src
2015-01-05 23:24:15,498 [Worker-13] INFO  o.e.m.j.i.AbstractJavaProjectConfigurator - Not adding source folder /Cracking the coding interview/src/test/java because it overlaps with /Cracking the coding interview/src
2015-01-05 23:24:15,606 [Worker-13] INFO  o.e.m.c.i.p.ProjectConfigurationManager - Update completed: 0 sec
2015-01-05 23:24:15,841 [Worker-12] INFO  o.e.m.c.i.l.LifecycleMappingFactory - Using org.eclipse.m2e.jdt.JarLifecycleMapping lifecycle mapping for MavenProject: Cracking the coding interview:Cracking the coding interview:0.0.1-SNAPSHOT @ /Users/Lydia/GitHub/Cracking-the-coding-interview/Cracking the coding interview/pom.xml.
2015-01-05 23:24:47,440 [Worker-13] WARN  o.e.m.c.i.embedder.EclipseLogger - Using platform encoding (UTF-8 actually) to copy filtered resources, i.e. build is platform dependent!
2015-01-05 23:24:47,447 [Worker-13] INFO  o.e.m.c.i.embedder.EclipseLogger - skip non existing resourceDirectory /Users/Lydia/GitHub/Cracking-the-coding-interview/Cracking the coding interview/src/main/resources
2015-01-05 23:24:47,453 [Worker-13] WARN  o.e.m.c.i.embedder.EclipseLogger - Using platform encoding (UTF-8 actually) to copy filtered resources, i.e. build is platform dependent!
2015-01-05 23:24:47,454 [Worker-13] INFO  o.e.m.c.i.embedder.EclipseLogger - skip non existing resourceDirectory /Users/Lydia/GitHub/Cracking-the-coding-interview/Cracking the coding interview/src/test/resources
2015-01-05 23:30:46,097 [Worker-16] WARN  o.e.m.c.i.embedder.EclipseLogger - Using platform encoding (UTF-8 actually) to copy filtered resources, i.e. build is platform dependent!
2015-01-05 23:30:46,099 [Worker-16] INFO  o.e.m.c.i.embedder.EclipseLogger - skip non existing resourceDirectory /Users/Lydia/GitHub/Cracking-the-coding-interview/Cracking the coding interview/src/main/resources
2015-01-05 23:30:46,101 [Worker-16] WARN  o.e.m.c.i.embedder.EclipseLogger - Using platform encoding (UTF-8 actually) to copy filtered resources, i.e. build is platform dependent!
2015-01-05 23:30:46,101 [Worker-16] INFO  o.e.m.c.i.embedder.EclipseLogger - skip non existing resourceDirectory /Users/Lydia/GitHub/Cracking-the-coding-interview/Cracking the coding interview/src/test/resources
2015-01-05 23:43:33,363 [Worker-16] WARN  o.e.m.c.i.embedder.EclipseLogger - Using platform encoding (UTF-8 actually) to copy filtered resources, i.e. build is platform dependent!
2015-01-05 23:43:33,364 [Worker-16] INFO  o.e.m.c.i.embedder.EclipseLogger - skip non existing resourceDirectory /Users/Lydia/GitHub/Cracking-the-coding-interview/Cracking the coding interview/src/main/resources
2015-01-05 23:43:33,366 [Worker-16] WARN  o.e.m.c.i.embedder.EclipseLogger - Using platform encoding (UTF-8 actually) to copy filtered resources, i.e. build is platform dependent!
2015-01-05 23:43:33,367 [Worker-16] INFO  o.e.m.c.i.embedder.EclipseLogger - skip non existing resourceDirectory /Users/Lydia/GitHub/Cracking-the-coding-interview/Cracking the coding interview/src/test/resources
2015-01-05 23:43:45,010 [Worker-16] WARN  o.e.m.c.i.embedder.EclipseLogger - Using platform encoding (UTF-8 actually) to copy filtered resources, i.e. build is platform dependent!
2015-01-05 23:43:45,011 [Worker-16] INFO  o.e.m.c.i.embedder.EclipseLogger - skip non existing resourceDirectory /Users/Lydia/GitHub/Cracking-the-coding-interview/Cracking the coding interview/src/main/resources
2015-01-05 23:43:45,013 [Worker-16] WARN  o.e.m.c.i.embedder.EclipseLogger - Using platform encoding (UTF-8 actually) to copy filtered resources, i.e. build is platform dependent!
2015-01-05 23:43:45,013 [Worker-16] INFO  o.e.m.c.i.embedder.EclipseLogger - skip non existing resourceDirectory /Users/Lydia/GitHub/Cracking-the-coding-interview/Cracking the coding interview/src/test/resources
2015-01-05 23:44:21,601 [Worker-21] WARN  o.e.m.c.i.embedder.EclipseLogger - Using platform encoding (UTF-8 actually) to copy filtered resources, i.e. build is platform dependent!
2015-01-05 23:44:21,602 [Worker-21] INFO  o.e.m.c.i.embedder.EclipseLogger - skip non existing resourceDirectory /Users/Lydia/GitHub/Cracking-the-coding-interview/Cracking the coding interview/src/main/resources
2015-01-05 23:44:21,604 [Worker-21] WARN  o.e.m.c.i.embedder.EclipseLogger - Using platform encoding (UTF-8 actually) to copy filtered resources, i.e. build is platform dependent!
2015-01-05 23:44:21,605 [Worker-21] INFO  o.e.m.c.i.embedder.EclipseLogger - skip non existing resourceDirectory /Users/Lydia/GitHub/Cracking-the-coding-interview/Cracking the coding interview/src/test/resources
2015-01-05 23:45:01,293 [Worker-19] WARN  o.e.m.c.i.embedder.EclipseLogger - Using platform encoding (UTF-8 actually) to copy filtered resources, i.e. build is platform dependent!
2015-01-05 23:45:01,294 [Worker-19] INFO  o.e.m.c.i.embedder.EclipseLogger - skip non existing resourceDirectory /Users/Lydia/GitHub/Cracking-the-coding-interview/Cracking the coding interview/src/main/resources
2015-01-05 23:45:01,295 [Worker-19] WARN  o.e.m.c.i.embedder.EclipseLogger - Using platform encoding (UTF-8 actually) to copy filtered resources, i.e. build is platform dependent!
2015-01-05 23:45:01,296 [Worker-19] INFO  o.e.m.c.i.embedder.EclipseLogger - skip non existing resourceDirectory /Users/Lydia/GitHub/Cracking-the-coding-interview/Cracking the coding interview/src/test/resources
2015-01-05 23:45:19,613 [Worker-20] WARN  o.e.m.c.i.embedder.EclipseLogger - Using platform encoding (UTF-8 actually) to copy filtered resources, i.e. build is platform dependent!
2015-01-05 23:45:19,614 [Worker-20] INFO  o.e.m.c.i.embedder.EclipseLogger - skip non existing resourceDirectory /Users/Lydia/GitHub/Cracking-the-coding-interview/Cracking the coding interview/src/main/resources
2015-01-05 23:45:19,616 [Worker-20] WARN  o.e.m.c.i.embedder.EclipseLogger - Using platform encoding (UTF-8 actually) to copy filtered resources, i.e. build is platform dependent!
2015-01-05 23:45:19,617 [Worker-20] INFO  o.e.m.c.i.embedder.EclipseLogger - skip non existing resourceDirectory /Users/Lydia/GitHub/Cracking-the-coding-interview/Cracking the coding interview/src/test/resources
2015-01-05 23:46:30,993 [Worker-19] WARN  o.e.m.c.i.embedder.EclipseLogger - Using platform encoding (UTF-8 actually) to copy filtered resources, i.e. build is platform dependent!
2015-01-05 23:46:30,994 [Worker-19] INFO  o.e.m.c.i.embedder.EclipseLogger - skip non existing resourceDirectory /Users/Lydia/GitHub/Cracking-the-coding-interview/Cracking the coding interview/src/main/resources
2015-01-05 23:46:30,998 [Worker-19] WARN  o.e.m.c.i.embedder.EclipseLogger - Using platform encoding (UTF-8 actually) to copy filtered resources, i.e. build is platform dependent!
2015-01-05 23:46:30,999 [Worker-19] INFO  o.e.m.c.i.embedder.EclipseLogger - skip non existing resourceDirectory /Users/Lydia/GitHub/Cracking-the-coding-interview/Cracking the coding interview/src/test/resources
2015-01-05 23:48:32,372 [Worker-19] WARN  o.e.m.c.i.embedder.EclipseLogger - Using platform encoding (UTF-8 actually) to copy filtered resources, i.e. build is platform dependent!
2015-01-05 23:48:32,373 [Worker-19] INFO  o.e.m.c.i.embedder.EclipseLogger - skip non existing resourceDirectory /Users/Lydia/GitHub/Cracking-the-coding-interview/Cracking the coding interview/src/main/resources
2015-01-05 23:48:32,375 [Worker-19] WARN  o.e.m.c.i.embedder.EclipseLogger - Using platform encoding (UTF-8 actually) to copy filtered resources, i.e. build is platform dependent!
2015-01-05 23:48:32,375 [Worker-19] INFO  o.e.m.c.i.embedder.EclipseLogger - skip non existing resourceDirectory /Users/Lydia/GitHub/Cracking-the-coding-interview/Cracking the coding interview/src/test/resources
2015-01-05 23:48:47,810 [Worker-19] WARN  o.e.m.c.i.embedder.EclipseLogger - Using platform encoding (UTF-8 actually) to copy filtered resources, i.e. build is platform dependent!
2015-01-05 23:48:47,811 [Worker-19] INFO  o.e.m.c.i.embedder.EclipseLogger - skip non existing resourceDirectory /Users/Lydia/GitHub/Cracking-the-coding-interview/Cracking the coding interview/src/main/resources
2015-01-05 23:48:47,813 [Worker-19] WARN  o.e.m.c.i.embedder.EclipseLogger - Using platform encoding (UTF-8 actually) to copy filtered resources, i.e. build is platform dependent!
2015-01-05 23:48:47,814 [Worker-19] INFO  o.e.m.c.i.embedder.EclipseLogger - skip non existing resourceDirectory /Users/Lydia/GitHub/Cracking-the-coding-interview/Cracking the coding interview/src/test/resources
2015-01-05 23:49:52,912 [Worker-26] WARN  o.e.m.c.i.embedder.EclipseLogger - Using platform encoding (UTF-8 actually) to copy filtered resources, i.e. build is platform dependent!
2015-01-05 23:49:52,913 [Worker-26] INFO  o.e.m.c.i.embedder.EclipseLogger - skip non existing resourceDirectory /Users/Lydia/GitHub/Cracking-the-coding-interview/Cracking the coding interview/src/main/resources
2015-01-05 23:49:52,914 [Worker-26] WARN  o.e.m.c.i.embedder.EclipseLogger - Using platform encoding (UTF-8 actually) to copy filtered resources, i.e. build is platform dependent!
2015-01-05 23:49:52,919 [Worker-26] INFO  o.e.m.c.i.embedder.EclipseLogger - skip non existing resourceDirectory /Users/Lydia/GitHub/Cracking-the-coding-interview/Cracking the coding interview/src/test/resources
2015-01-05 23:51:14,574 [Worker-28] WARN  o.e.m.c.i.embedder.EclipseLogger - Using platform encoding (UTF-8 actually) to copy filtered resources, i.e. build is platform dependent!
2015-01-05 23:51:14,575 [Worker-28] INFO  o.e.m.c.i.embedder.EclipseLogger - skip non existing resourceDirectory /Users/Lydia/GitHub/Cracking-the-coding-interview/Cracking the coding interview/src/main/resources
2015-01-05 23:51:14,577 [Worker-28] WARN  o.e.m.c.i.embedder.EclipseLogger - Using platform encoding (UTF-8 actually) to copy filtered resources, i.e. build is platform dependent!
2015-01-05 23:51:14,578 [Worker-28] INFO  o.e.m.c.i.embedder.EclipseLogger - skip non existing resourceDirectory /Users/Lydia/GitHub/Cracking-the-coding-interview/Cracking the coding interview/src/test/resources
2015-01-05 23:52:35,811 [Worker-30] WARN  o.e.m.c.i.embedder.EclipseLogger - Using platform encoding (UTF-8 actually) to copy filtered resources, i.e. build is platform dependent!
2015-01-05 23:52:35,812 [Worker-30] INFO  o.e.m.c.i.embedder.EclipseLogger - skip non existing resourceDirectory /Users/Lydia/GitHub/Cracking-the-coding-interview/Cracking the coding interview/src/main/resources
2015-01-05 23:52:35,813 [Worker-30] WARN  o.e.m.c.i.embedder.EclipseLogger - Using platform encoding (UTF-8 actually) to copy filtered resources, i.e. build is platform dependent!
2015-01-05 23:52:35,814 [Worker-30] INFO  o.e.m.c.i.embedder.EclipseLogger - skip non existing resourceDirectory /Users/Lydia/GitHub/Cracking-the-coding-interview/Cracking the coding interview/src/test/resources
2015-01-05 23:52:56,196 [Worker-30] WARN  o.e.m.c.i.embedder.EclipseLogger - Using platform encoding (UTF-8 actually) to copy filtered resources, i.e. build is platform dependent!
2015-01-05 23:52:56,197 [Worker-30] INFO  o.e.m.c.i.embedder.EclipseLogger - skip non existing resourceDirectory /Users/Lydia/GitHub/Cracking-the-coding-interview/Cracking the coding interview/src/main/resources
2015-01-05 23:52:56,199 [Worker-30] WARN  o.e.m.c.i.embedder.EclipseLogger - Using platform encoding (UTF-8 actually) to copy filtered resources, i.e. build is platform dependent!
2015-01-05 23:52:56,199 [Worker-30] INFO  o.e.m.c.i.embedder.EclipseLogger - skip non existing resourceDirectory /Users/Lydia/GitHub/Cracking-the-coding-interview/Cracking the coding interview/src/test/resources
2015-01-05 23:53:12,882 [Worker-31] WARN  o.e.m.c.i.embedder.EclipseLogger - Using platform encoding (UTF-8 actually) to copy filtered resources, i.e. build is platform dependent!
2015-01-05 23:53:12,883 [Worker-31] INFO  o.e.m.c.i.embedder.EclipseLogger - skip non existing resourceDirectory /Users/Lydia/GitHub/Cracking-the-coding-interview/Cracking the coding interview/src/main/resources
2015-01-05 23:53:12,885 [Worker-31] WARN  o.e.m.c.i.embedder.EclipseLogger - Using platform encoding (UTF-8 actually) to copy filtered resources, i.e. build is platform dependent!
2015-01-05 23:53:12,885 [Worker-31] INFO  o.e.m.c.i.embedder.EclipseLogger - skip non existing resourceDirectory /Users/Lydia/GitHub/Cracking-the-coding-interview/Cracking the coding interview/src/test/resources
2015-01-05 23:53:25,341 [Worker-31] WARN  o.e.m.c.i.embedder.EclipseLogger - Using platform encoding (UTF-8 actually) to copy filtered resources, i.e. build is platform dependent!
2015-01-05 23:53:25,342 [Worker-31] INFO  o.e.m.c.i.embedder.EclipseLogger - skip non existing resourceDirectory /Users/Lydia/GitHub/Cracking-the-coding-interview/Cracking the coding interview/src/main/resources
2015-01-05 23:53:25,347 [Worker-31] WARN  o.e.m.c.i.embedder.EclipseLogger - Using platform encoding (UTF-8 actually) to copy filtered resources, i.e. build is platform dependent!
2015-01-05 23:53:25,347 [Worker-31] INFO  o.e.m.c.i.embedder.EclipseLogger - skip non existing resourceDirectory /Users/Lydia/GitHub/Cracking-the-coding-interview/Cracking the coding interview/src/test/resources
2015-01-05 23:55:13,284 [Worker-32] WARN  o.e.m.c.i.embedder.EclipseLogger - Using platform encoding (UTF-8 actually) to copy filtered resources, i.e. build is platform dependent!
2015-01-05 23:55:13,285 [Worker-32] INFO  o.e.m.c.i.embedder.EclipseLogger - skip non existing resourceDirectory /Users/Lydia/GitHub/Cracking-the-coding-interview/Cracking the coding interview/src/main/resources
2015-01-05 23:55:13,287 [Worker-32] WARN  o.e.m.c.i.embedder.EclipseLogger - Using platform encoding (UTF-8 actually) to copy filtered resources, i.e. build is platform dependent!
2015-01-05 23:55:13,287 [Worker-32] INFO  o.e.m.c.i.embedder.EclipseLogger - skip non existing resourceDirectory /Users/Lydia/GitHub/Cracking-the-coding-interview/Cracking the coding interview/src/test/resources
2015-01-05 23:56:13,732 [Worker-34] WARN  o.e.m.c.i.embedder.EclipseLogger - Using platform encoding (UTF-8 actually) to copy filtered resources, i.e. build is platform dependent!
2015-01-05 23:56:13,732 [Worker-34] INFO  o.e.m.c.i.embedder.EclipseLogger - skip non existing resourceDirectory /Users/Lydia/GitHub/Cracking-the-coding-interview/Cracking the coding interview/src/main/resources
2015-01-05 23:56:13,733 [Worker-34] WARN  o.e.m.c.i.embedder.EclipseLogger - Using platform encoding (UTF-8 actually) to copy filtered resources, i.e. build is platform dependent!
2015-01-05 23:56:13,734 [Worker-34] INFO  o.e.m.c.i.embedder.EclipseLogger - skip non existing resourceDirectory /Users/Lydia/GitHub/Cracking-the-coding-interview/Cracking the coding interview/src/test/resources
2015-01-05 23:57:50,143 [Worker-34] WARN  o.e.m.c.i.embedder.EclipseLogger - Using platform encoding (UTF-8 actually) to copy filtered resources, i.e. build is platform dependent!
2015-01-05 23:57:50,145 [Worker-34] INFO  o.e.m.c.i.embedder.EclipseLogger - skip non existing resourceDirectory /Users/Lydia/GitHub/Cracking-the-coding-interview/Cracking the coding interview/src/main/resources
2015-01-05 23:57:50,147 [Worker-34] WARN  o.e.m.c.i.embedder.EclipseLogger - Using platform encoding (UTF-8 actually) to copy filtered resources, i.e. build is platform dependent!
2015-01-05 23:57:50,148 [Worker-34] INFO  o.e.m.c.i.embedder.EclipseLogger - skip non existing resourceDirectory /Users/Lydia/GitHub/Cracking-the-coding-interview/Cracking the coding interview/src/test/resources
2015-01-05 23:58:54,252 [Worker-33] WARN  o.e.m.c.i.embedder.EclipseLogger - Using platform encoding (UTF-8 actually) to copy filtered resources, i.e. build is platform dependent!
2015-01-05 23:58:54,252 [Worker-33] INFO  o.e.m.c.i.embedder.EclipseLogger - skip non existing resourceDirectory /Users/Lydia/GitHub/Cracking-the-coding-interview/Cracking the coding interview/src/main/resources
2015-01-05 23:58:54,254 [Worker-33] WARN  o.e.m.c.i.embedder.EclipseLogger - Using platform encoding (UTF-8 actually) to copy filtered resources, i.e. build is platform dependent!
2015-01-05 23:58:54,255 [Worker-33] INFO  o.e.m.c.i.embedder.EclipseLogger - skip non existing resourceDirectory /Users/Lydia/GitHub/Cracking-the-coding-interview/Cracking the coding interview/src/test/resources
2015-01-05 23:59:08,248 [Worker-34] WARN  o.e.m.c.i.embedder.EclipseLogger - Using platform encoding (UTF-8 actually) to copy filtered resources, i.e. build is platform dependent!
2015-01-05 23:59:08,249 [Worker-34] INFO  o.e.m.c.i.embedder.EclipseLogger - skip non existing resourceDirectory /Users/Lydia/GitHub/Cracking-the-coding-interview/Cracking the coding interview/src/main/resources
2015-01-05 23:59:08,250 [Worker-34] WARN  o.e.m.c.i.embedder.EclipseLogger - Using platform encoding (UTF-8 actually) to copy filtered resources, i.e. build is platform dependent!
2015-01-05 23:59:08,251 [Worker-34] INFO  o.e.m.c.i.embedder.EclipseLogger - skip non existing resourceDirectory /Users/Lydia/GitHub/Cracking-the-coding-interview/Cracking the coding interview/src/test/resources
2015-01-05 23:59:19,475 [Worker-33] WARN  o.e.m.c.i.embedder.EclipseLogger - Using platform encoding (UTF-8 actually) to copy filtered resources, i.e. build is platform dependent!
2015-01-05 23:59:19,476 [Worker-33] INFO  o.e.m.c.i.embedder.EclipseLogger - skip non existing resourceDirectory /Users/Lydia/GitHub/Cracking-the-coding-interview/Cracking the coding interview/src/main/resources
2015-01-05 23:59:19,477 [Worker-33] WARN  o.e.m.c.i.embedder.EclipseLogger - Using platform encoding (UTF-8 actually) to copy filtered resources, i.e. build is platform dependent!
2015-01-05 23:59:19,478 [Worker-33] INFO  o.e.m.c.i.embedder.EclipseLogger - skip non existing resourceDirectory /Users/Lydia/GitHub/Cracking-the-coding-interview/Cracking the coding interview/src/test/resources
2015-01-05 23:59:33,024 [Worker-33] WARN  o.e.m.c.i.embedder.EclipseLogger - Using platform encoding (UTF-8 actually) to copy filtered resources, i.e. build is platform dependent!
2015-01-05 23:59:33,025 [Worker-33] INFO  o.e.m.c.i.embedder.EclipseLogger - skip non existing resourceDirectory /Users/Lydia/GitHub/Cracking-the-coding-interview/Cracking the coding interview/src/main/resources
2015-01-05 23:59:33,041 [Worker-33] WARN  o.e.m.c.i.embedder.EclipseLogger - Using platform encoding (UTF-8 actually) to copy filtered resources, i.e. build is platform dependent!
2015-01-05 23:59:33,042 [Worker-33] INFO  o.e.m.c.i.embedder.EclipseLogger - skip non existing resourceDirectory /Users/Lydia/GitHub/Cracking-the-coding-interview/Cracking the coding interview/src/test/resources
2015-01-06 17:19:05,150 [Worker-136] WARN  o.e.m.c.i.embedder.EclipseLogger - Using platform encoding (UTF-8 actually) to copy filtered resources, i.e. build is platform dependent!
2015-01-06 17:19:05,163 [Worker-136] INFO  o.e.m.c.i.embedder.EclipseLogger - skip non existing resourceDirectory /Users/Lydia/GitHub/Cracking-the-coding-interview/Cracking the coding interview/src/main/resources
2015-01-06 17:19:05,164 [Worker-136] WARN  o.e.m.c.i.embedder.EclipseLogger - Using platform encoding (UTF-8 actually) to copy filtered resources, i.e. build is platform dependent!
2015-01-06 17:19:05,165 [Worker-136] INFO  o.e.m.c.i.embedder.EclipseLogger - skip non existing resourceDirectory /Users/Lydia/GitHub/Cracking-the-coding-interview/Cracking the coding interview/src/test/resources
2015-01-06 17:20:15,146 [Worker-126] WARN  o.e.m.c.i.embedder.EclipseLogger - Using platform encoding (UTF-8 actually) to copy filtered resources, i.e. build is platform dependent!
2015-01-06 17:20:15,146 [Worker-126] INFO  o.e.m.c.i.embedder.EclipseLogger - skip non existing resourceDirectory /Users/Lydia/GitHub/Cracking-the-coding-interview/Cracking the coding interview/src/main/resources
2015-01-06 17:20:15,148 [Worker-126] WARN  o.e.m.c.i.embedder.EclipseLogger - Using platform encoding (UTF-8 actually) to copy filtered resources, i.e. build is platform dependent!
2015-01-06 17:20:15,148 [Worker-126] INFO  o.e.m.c.i.embedder.EclipseLogger - skip non existing resourceDirectory /Users/Lydia/GitHub/Cracking-the-coding-interview/Cracking the coding interview/src/test/resources
2015-01-06 17:20:45,317 [Worker-138] WARN  o.e.m.c.i.embedder.EclipseLogger - Using platform encoding (UTF-8 actually) to copy filtered resources, i.e. build is platform dependent!
2015-01-06 17:20:45,317 [Worker-138] INFO  o.e.m.c.i.embedder.EclipseLogger - skip non existing resourceDirectory /Users/Lydia/GitHub/Cracking-the-coding-interview/Cracking the coding interview/src/main/resources
2015-01-06 17:20:45,320 [Worker-138] WARN  o.e.m.c.i.embedder.EclipseLogger - Using platform encoding (UTF-8 actually) to copy filtered resources, i.e. build is platform dependent!
2015-01-06 17:20:45,320 [Worker-138] INFO  o.e.m.c.i.embedder.EclipseLogger - skip non existing resourceDirectory /Users/Lydia/GitHub/Cracking-the-coding-interview/Cracking the coding interview/src/test/resources
2015-01-06 17:26:51,286 [Worker-2] WARN  o.e.m.c.i.embedder.EclipseLogger - Using platform encoding (UTF-8 actually) to copy filtered resources, i.e. build is platform dependent!
2015-01-06 17:26:51,291 [Worker-2] INFO  o.e.m.c.i.embedder.EclipseLogger - skip non existing resourceDirectory /Users/Lydia/GitHub/Cracking-the-coding-interview/Cracking the coding interview/src/main/resources
2015-01-06 17:26:51,294 [Worker-2] WARN  o.e.m.c.i.embedder.EclipseLogger - Using platform encoding (UTF-8 actually) to copy filtered resources, i.e. build is platform dependent!
2015-01-06 17:26:51,294 [Worker-2] INFO  o.e.m.c.i.embedder.EclipseLogger - skip non existing resourceDirectory /Users/Lydia/GitHub/Cracking-the-coding-interview/Cracking the coding interview/src/test/resources
2015-01-06 17:27:20,278 [Worker-0] WARN  o.e.m.c.i.embedder.EclipseLogger - Using platform encoding (UTF-8 actually) to copy filtered resources, i.e. build is platform dependent!
2015-01-06 17:27:20,281 [Worker-0] INFO  o.e.m.c.i.embedder.EclipseLogger - skip non existing resourceDirectory /Users/Lydia/GitHub/Cracking-the-coding-interview/Cracking the coding interview/src/main/resources
2015-01-06 17:27:20,284 [Worker-0] WARN  o.e.m.c.i.embedder.EclipseLogger - Using platform encoding (UTF-8 actually) to copy filtered resources, i.e. build is platform dependent!
2015-01-06 17:27:20,284 [Worker-0] INFO  o.e.m.c.i.embedder.EclipseLogger - skip non existing resourceDirectory /Users/Lydia/GitHub/Cracking-the-coding-interview/Cracking the coding interview/src/test/resources
2015-01-06 17:27:27,789 [Worker-0] WARN  o.e.m.c.i.embedder.EclipseLogger - Using platform encoding (UTF-8 actually) to copy filtered resources, i.e. build is platform dependent!
2015-01-06 17:27:27,790 [Worker-0] INFO  o.e.m.c.i.embedder.EclipseLogger - skip non existing resourceDirectory /Users/Lydia/GitHub/Cracking-the-coding-interview/Cracking the coding interview/src/main/resources
2015-01-06 17:27:27,793 [Worker-0] WARN  o.e.m.c.i.embedder.EclipseLogger - Using platform encoding (UTF-8 actually) to copy filtered resources, i.e. build is platform dependent!
2015-01-06 17:27:27,793 [Worker-0] INFO  o.e.m.c.i.embedder.EclipseLogger - skip non existing resourceDirectory /Users/Lydia/GitHub/Cracking-the-coding-interview/Cracking the coding interview/src/test/resources
2015-01-06 17:27:43,829 [Worker-4] WARN  o.e.m.c.i.embedder.EclipseLogger - Using platform encoding (UTF-8 actually) to copy filtered resources, i.e. build is platform dependent!
2015-01-06 17:27:43,829 [Worker-4] INFO  o.e.m.c.i.embedder.EclipseLogger - skip non existing resourceDirectory /Users/Lydia/GitHub/Cracking-the-coding-interview/Cracking the coding interview/src/main/resources
2015-01-06 17:27:43,831 [Worker-4] WARN  o.e.m.c.i.embedder.EclipseLogger - Using platform encoding (UTF-8 actually) to copy filtered resources, i.e. build is platform dependent!
2015-01-06 17:27:43,832 [Worker-4] INFO  o.e.m.c.i.embedder.EclipseLogger - skip non existing resourceDirectory /Users/Lydia/GitHub/Cracking-the-coding-interview/Cracking the coding interview/src/test/resources
2015-01-06 17:33:20,368 [Worker-7] WARN  o.e.m.c.i.embedder.EclipseLogger - Using platform encoding (UTF-8 actually) to copy filtered resources, i.e. build is platform dependent!
2015-01-06 17:33:20,369 [Worker-7] INFO  o.e.m.c.i.embedder.EclipseLogger - skip non existing resourceDirectory /Users/Lydia/GitHub/Cracking-the-coding-interview/Cracking the coding interview/src/main/resources
2015-01-06 17:33:20,371 [Worker-7] WARN  o.e.m.c.i.embedder.EclipseLogger - Using platform encoding (UTF-8 actually) to copy filtered resources, i.e. build is platform dependent!
2015-01-06 17:33:20,372 [Worker-7] INFO  o.e.m.c.i.embedder.EclipseLogger - skip non existing resourceDirectory /Users/Lydia/GitHub/Cracking-the-coding-interview/Cracking the coding interview/src/test/resources
2015-01-06 17:33:51,210 [Worker-3] WARN  o.e.m.c.i.embedder.EclipseLogger - Using platform encoding (UTF-8 actually) to copy filtered resources, i.e. build is platform dependent!
2015-01-06 17:33:51,211 [Worker-3] INFO  o.e.m.c.i.embedder.EclipseLogger - skip non existing resourceDirectory /Users/Lydia/GitHub/Cracking-the-coding-interview/Cracking the coding interview/src/main/resources
2015-01-06 17:33:51,213 [Worker-3] WARN  o.e.m.c.i.embedder.EclipseLogger - Using platform encoding (UTF-8 actually) to copy filtered resources, i.e. build is platform dependent!
2015-01-06 17:33:51,214 [Worker-3] INFO  o.e.m.c.i.embedder.EclipseLogger - skip non existing resourceDirectory /Users/Lydia/GitHub/Cracking-the-coding-interview/Cracking the coding interview/src/test/resources
2015-01-06 17:34:03,382 [Worker-3] WARN  o.e.m.c.i.embedder.EclipseLogger - Using platform encoding (UTF-8 actually) to copy filtered resources, i.e. build is platform dependent!
2015-01-06 17:34:03,383 [Worker-3] INFO  o.e.m.c.i.embedder.EclipseLogger - skip non existing resourceDirectory /Users/Lydia/GitHub/Cracking-the-coding-interview/Cracking the coding interview/src/main/resources
2015-01-06 17:34:03,385 [Worker-3] WARN  o.e.m.c.i.embedder.EclipseLogger - Using platform encoding (UTF-8 actually) to copy filtered resources, i.e. build is platform dependent!
2015-01-06 17:34:03,385 [Worker-3] INFO  o.e.m.c.i.embedder.EclipseLogger - skip non existing resourceDirectory /Users/Lydia/GitHub/Cracking-the-coding-interview/Cracking the coding interview/src/test/resources
2015-01-06 17:34:32,850 [Worker-1] WARN  o.e.m.c.i.embedder.EclipseLogger - Using platform encoding (UTF-8 actually) to copy filtered resources, i.e. build is platform dependent!
2015-01-06 17:34:32,851 [Worker-1] INFO  o.e.m.c.i.embedder.EclipseLogger - skip non existing resourceDirectory /Users/Lydia/GitHub/Cracking-the-coding-interview/Cracking the coding interview/src/main/resources
2015-01-06 17:34:32,853 [Worker-1] WARN  o.e.m.c.i.embedder.EclipseLogger - Using platform encoding (UTF-8 actually) to copy filtered resources, i.e. build is platform dependent!
2015-01-06 17:34:32,854 [Worker-1] INFO  o.e.m.c.i.embedder.EclipseLogger - skip non existing resourceDirectory /Users/Lydia/GitHub/Cracking-the-coding-interview/Cracking the coding interview/src/test/resources
2015-01-06 17:34:43,890 [Worker-1] WARN  o.e.m.c.i.embedder.EclipseLogger - Using platform encoding (UTF-8 actually) to copy filtered resources, i.e. build is platform dependent!
2015-01-06 17:34:43,891 [Worker-1] INFO  o.e.m.c.i.embedder.EclipseLogger - skip non existing resourceDirectory /Users/Lydia/GitHub/Cracking-the-coding-interview/Cracking the coding interview/src/main/resources
2015-01-06 17:34:43,892 [Worker-1] WARN  o.e.m.c.i.embedder.EclipseLogger - Using platform encoding (UTF-8 actually) to copy filtered resources, i.e. build is platform dependent!
2015-01-06 17:34:43,893 [Worker-1] INFO  o.e.m.c.i.embedder.EclipseLogger - skip non existing resourceDirectory /Users/Lydia/GitHub/Cracking-the-coding-interview/Cracking the coding interview/src/test/resources
2015-01-06 18:03:26,523 [Worker-12] WARN  o.e.m.c.i.embedder.EclipseLogger - Using platform encoding (UTF-8 actually) to copy filtered resources, i.e. build is platform dependent!
2015-01-06 18:03:26,524 [Worker-12] INFO  o.e.m.c.i.embedder.EclipseLogger - skip non existing resourceDirectory /Users/Lydia/GitHub/Cracking-the-coding-interview/Cracking the coding interview/src/main/resources
2015-01-06 18:03:26,526 [Worker-12] WARN  o.e.m.c.i.embedder.EclipseLogger - Using platform encoding (UTF-8 actually) to copy filtered resources, i.e. build is platform dependent!
2015-01-06 18:03:26,527 [Worker-12] INFO  o.e.m.c.i.embedder.EclipseLogger - skip non existing resourceDirectory /Users/Lydia/GitHub/Cracking-the-coding-interview/Cracking the coding interview/src/test/resources
2015-01-06 18:04:08,988 [Worker-14] WARN  o.e.m.c.i.embedder.EclipseLogger - Using platform encoding (UTF-8 actually) to copy filtered resources, i.e. build is platform dependent!
2015-01-06 18:04:08,989 [Worker-14] INFO  o.e.m.c.i.embedder.EclipseLogger - skip non existing resourceDirectory /Users/Lydia/GitHub/Cracking-the-coding-interview/Cracking the coding interview/src/main/resources
2015-01-06 18:04:08,991 [Worker-14] WARN  o.e.m.c.i.embedder.EclipseLogger - Using platform encoding (UTF-8 actually) to copy filtered resources, i.e. build is platform dependent!
2015-01-06 18:04:08,992 [Worker-14] INFO  o.e.m.c.i.embedder.EclipseLogger - skip non existing resourceDirectory /Users/Lydia/GitHub/Cracking-the-coding-interview/Cracking the coding interview/src/test/resources
2015-01-06 18:04:23,161 [Worker-5] WARN  o.e.m.c.i.embedder.EclipseLogger - Using platform encoding (UTF-8 actually) to copy filtered resources, i.e. build is platform dependent!
2015-01-06 18:04:23,161 [Worker-5] INFO  o.e.m.c.i.embedder.EclipseLogger - skip non existing resourceDirectory /Users/Lydia/GitHub/Cracking-the-coding-interview/Cracking the coding interview/src/main/resources
2015-01-06 18:04:23,163 [Worker-5] WARN  o.e.m.c.i.embedder.EclipseLogger - Using platform encoding (UTF-8 actually) to copy filtered resources, i.e. build is platform dependent!
2015-01-06 18:04:23,164 [Worker-5] INFO  o.e.m.c.i.embedder.EclipseLogger - skip non existing resourceDirectory /Users/Lydia/GitHub/Cracking-the-coding-interview/Cracking the coding interview/src/test/resources
2015-01-06 18:04:30,345 [Worker-14] WARN  o.e.m.c.i.embedder.EclipseLogger - Using platform encoding (UTF-8 actually) to copy filtered resources, i.e. build is platform dependent!
2015-01-06 18:04:30,347 [Worker-14] INFO  o.e.m.c.i.embedder.EclipseLogger - skip non existing resourceDirectory /Users/Lydia/GitHub/Cracking-the-coding-interview/Cracking the coding interview/src/main/resources
2015-01-06 18:04:30,349 [Worker-14] WARN  o.e.m.c.i.embedder.EclipseLogger - Using platform encoding (UTF-8 actually) to copy filtered resources, i.e. build is platform dependent!
2015-01-06 18:04:30,350 [Worker-14] INFO  o.e.m.c.i.embedder.EclipseLogger - skip non existing resourceDirectory /Users/Lydia/GitHub/Cracking-the-coding-interview/Cracking the coding interview/src/test/resources
2015-01-06 18:05:09,359 [Worker-12] WARN  o.e.m.c.i.embedder.EclipseLogger - Using platform encoding (UTF-8 actually) to copy filtered resources, i.e. build is platform dependent!
2015-01-06 18:05:09,360 [Worker-12] INFO  o.e.m.c.i.embedder.EclipseLogger - skip non existing resourceDirectory /Users/Lydia/GitHub/Cracking-the-coding-interview/Cracking the coding interview/src/main/resources
2015-01-06 18:05:09,361 [Worker-12] WARN  o.e.m.c.i.embedder.EclipseLogger - Using platform encoding (UTF-8 actually) to copy filtered resources, i.e. build is platform dependent!
2015-01-06 18:05:09,362 [Worker-12] INFO  o.e.m.c.i.embedder.EclipseLogger - skip non existing resourceDirectory /Users/Lydia/GitHub/Cracking-the-coding-interview/Cracking the coding interview/src/test/resources
2015-01-06 18:05:13,145 [Worker-14] WARN  o.e.m.c.i.embedder.EclipseLogger - Using platform encoding (UTF-8 actually) to copy filtered resources, i.e. build is platform dependent!
2015-01-06 18:05:13,146 [Worker-14] INFO  o.e.m.c.i.embedder.EclipseLogger - skip non existing resourceDirectory /Users/Lydia/GitHub/Cracking-the-coding-interview/Cracking the coding interview/src/main/resources
2015-01-06 18:05:13,148 [Worker-14] WARN  o.e.m.c.i.embedder.EclipseLogger - Using platform encoding (UTF-8 actually) to copy filtered resources, i.e. build is platform dependent!
2015-01-06 18:05:13,148 [Worker-14] INFO  o.e.m.c.i.embedder.EclipseLogger - skip non existing resourceDirectory /Users/Lydia/GitHub/Cracking-the-coding-interview/Cracking the coding interview/src/test/resources
2015-01-06 18:05:21,678 [Worker-16] WARN  o.e.m.c.i.embedder.EclipseLogger - Using platform encoding (UTF-8 actually) to copy filtered resources, i.e. build is platform dependent!
2015-01-06 18:05:21,678 [Worker-16] INFO  o.e.m.c.i.embedder.EclipseLogger - skip non existing resourceDirectory /Users/Lydia/GitHub/Cracking-the-coding-interview/Cracking the coding interview/src/main/resources
2015-01-06 18:05:21,681 [Worker-16] WARN  o.e.m.c.i.embedder.EclipseLogger - Using platform encoding (UTF-8 actually) to copy filtered resources, i.e. build is platform dependent!
2015-01-06 18:05:21,681 [Worker-16] INFO  o.e.m.c.i.embedder.EclipseLogger - skip non existing resourceDirectory /Users/Lydia/GitHub/Cracking-the-coding-interview/Cracking the coding interview/src/test/resources
2015-01-06 18:05:33,116 [Worker-16] WARN  o.e.m.c.i.embedder.EclipseLogger - Using platform encoding (UTF-8 actually) to copy filtered resources, i.e. build is platform dependent!
2015-01-06 18:05:33,118 [Worker-16] INFO  o.e.m.c.i.embedder.EclipseLogger - skip non existing resourceDirectory /Users/Lydia/GitHub/Cracking-the-coding-interview/Cracking the coding interview/src/main/resources
2015-01-06 18:05:33,121 [Worker-16] WARN  o.e.m.c.i.embedder.EclipseLogger - Using platform encoding (UTF-8 actually) to copy filtered resources, i.e. build is platform dependent!
2015-01-06 18:05:33,122 [Worker-16] INFO  o.e.m.c.i.embedder.EclipseLogger - skip non existing resourceDirectory /Users/Lydia/GitHub/Cracking-the-coding-interview/Cracking the coding interview/src/test/resources
2015-01-06 18:15:02,146 [Worker-13] WARN  o.e.m.c.i.embedder.EclipseLogger - Using platform encoding (UTF-8 actually) to copy filtered resources, i.e. build is platform dependent!
2015-01-06 18:15:02,148 [Worker-13] INFO  o.e.m.c.i.embedder.EclipseLogger - skip non existing resourceDirectory /Users/Lydia/GitHub/Cracking-the-coding-interview/Cracking the coding interview/src/main/resources
2015-01-06 18:15:02,149 [Worker-13] WARN  o.e.m.c.i.embedder.EclipseLogger - Using platform encoding (UTF-8 actually) to copy filtered resources, i.e. build is platform dependent!
2015-01-06 18:15:02,150 [Worker-13] INFO  o.e.m.c.i.embedder.EclipseLogger - skip non existing resourceDirectory /Users/Lydia/GitHub/Cracking-the-coding-interview/Cracking the coding interview/src/test/resources
2015-01-06 18:25:46,802 [Worker-18] WARN  o.e.m.c.i.embedder.EclipseLogger - Using platform encoding (UTF-8 actually) to copy filtered resources, i.e. build is platform dependent!
2015-01-06 18:25:46,802 [Worker-18] INFO  o.e.m.c.i.embedder.EclipseLogger - skip non existing resourceDirectory /Users/Lydia/GitHub/Cracking-the-coding-interview/Cracking the coding interview/src/main/resources
2015-01-06 18:25:46,804 [Worker-18] WARN  o.e.m.c.i.embedder.EclipseLogger - Using platform encoding (UTF-8 actually) to copy filtered resources, i.e. build is platform dependent!
2015-01-06 18:25:46,805 [Worker-18] INFO  o.e.m.c.i.embedder.EclipseLogger - skip non existing resourceDirectory /Users/Lydia/GitHub/Cracking-the-coding-interview/Cracking the coding interview/src/test/resources
2015-01-06 18:26:50,777 [Worker-24] WARN  o.e.m.c.i.embedder.EclipseLogger - Using platform encoding (UTF-8 actually) to copy filtered resources, i.e. build is platform dependent!
2015-01-06 18:26:50,790 [Worker-24] INFO  o.e.m.c.i.embedder.EclipseLogger - skip non existing resourceDirectory /Users/Lydia/GitHub/Cracking-the-coding-interview/Cracking the coding interview/src/main/resources
2015-01-06 18:26:50,792 [Worker-24] WARN  o.e.m.c.i.embedder.EclipseLogger - Using platform encoding (UTF-8 actually) to copy filtered resources, i.e. build is platform dependent!
2015-01-06 18:26:50,792 [Worker-24] INFO  o.e.m.c.i.embedder.EclipseLogger - skip non existing resourceDirectory /Users/Lydia/GitHub/Cracking-the-coding-interview/Cracking the coding interview/src/test/resources
2015-01-06 18:28:11,037 [Worker-24] WARN  o.e.m.c.i.embedder.EclipseLogger - Using platform encoding (UTF-8 actually) to copy filtered resources, i.e. build is platform dependent!
2015-01-06 18:28:11,038 [Worker-24] INFO  o.e.m.c.i.embedder.EclipseLogger - skip non existing resourceDirectory /Users/Lydia/GitHub/Cracking-the-coding-interview/Cracking the coding interview/src/main/resources
2015-01-06 18:28:11,040 [Worker-24] WARN  o.e.m.c.i.embedder.EclipseLogger - Using platform encoding (UTF-8 actually) to copy filtered resources, i.e. build is platform dependent!
2015-01-06 18:28:11,041 [Worker-24] INFO  o.e.m.c.i.embedder.EclipseLogger - skip non existing resourceDirectory /Users/Lydia/GitHub/Cracking-the-coding-interview/Cracking the coding interview/src/test/resources
2015-01-06 18:28:19,248 [Worker-18] WARN  o.e.m.c.i.embedder.EclipseLogger - Using platform encoding (UTF-8 actually) to copy filtered resources, i.e. build is platform dependent!
2015-01-06 18:28:19,249 [Worker-18] INFO  o.e.m.c.i.embedder.EclipseLogger - skip non existing resourceDirectory /Users/Lydia/GitHub/Cracking-the-coding-interview/Cracking the coding interview/src/main/resources
2015-01-06 18:28:19,251 [Worker-18] WARN  o.e.m.c.i.embedder.EclipseLogger - Using platform encoding (UTF-8 actually) to copy filtered resources, i.e. build is platform dependent!
2015-01-06 18:28:19,258 [Worker-18] INFO  o.e.m.c.i.embedder.EclipseLogger - skip non existing resourceDirectory /Users/Lydia/GitHub/Cracking-the-coding-interview/Cracking the coding interview/src/test/resources
2015-01-06 18:29:57,597 [Worker-23] WARN  o.e.m.c.i.embedder.EclipseLogger - Using platform encoding (UTF-8 actually) to copy filtered resources, i.e. build is platform dependent!
2015-01-06 18:29:57,597 [Worker-23] INFO  o.e.m.c.i.embedder.EclipseLogger - skip non existing resourceDirectory /Users/Lydia/GitHub/Cracking-the-coding-interview/Cracking the coding interview/src/main/resources
2015-01-06 18:29:57,598 [Worker-23] WARN  o.e.m.c.i.embedder.EclipseLogger - Using platform encoding (UTF-8 actually) to copy filtered resources, i.e. build is platform dependent!
2015-01-06 18:29:57,599 [Worker-23] INFO  o.e.m.c.i.embedder.EclipseLogger - skip non existing resourceDirectory /Users/Lydia/GitHub/Cracking-the-coding-interview/Cracking the coding interview/src/test/resources
2015-01-06 19:30:47,361 [Worker-44] WARN  o.e.m.c.i.embedder.EclipseLogger - Using platform encoding (UTF-8 actually) to copy filtered resources, i.e. build is platform dependent!
2015-01-06 19:30:47,362 [Worker-44] INFO  o.e.m.c.i.embedder.EclipseLogger - skip non existing resourceDirectory /Users/Lydia/GitHub/Cracking-the-coding-interview/Cracking the coding interview/src/main/resources
2015-01-06 19:30:47,363 [Worker-44] WARN  o.e.m.c.i.embedder.EclipseLogger - Using platform encoding (UTF-8 actually) to copy filtered resources, i.e. build is platform dependent!
2015-01-06 19:30:47,364 [Worker-44] INFO  o.e.m.c.i.embedder.EclipseLogger - skip non existing resourceDirectory /Users/Lydia/GitHub/Cracking-the-coding-interview/Cracking the coding interview/src/test/resources
2015-01-06 19:30:56,992 [Worker-40] WARN  o.e.m.c.i.embedder.EclipseLogger - Using platform encoding (UTF-8 actually) to copy filtered resources, i.e. build is platform dependent!
2015-01-06 19:30:56,993 [Worker-40] INFO  o.e.m.c.i.embedder.EclipseLogger - skip non existing resourceDirectory /Users/Lydia/GitHub/Cracking-the-coding-interview/Cracking the coding interview/src/main/resources
2015-01-06 19:30:56,996 [Worker-40] WARN  o.e.m.c.i.embedder.EclipseLogger - Using platform encoding (UTF-8 actually) to copy filtered resources, i.e. build is platform dependent!
2015-01-06 19:30:56,997 [Worker-40] INFO  o.e.m.c.i.embedder.EclipseLogger - skip non existing resourceDirectory /Users/Lydia/GitHub/Cracking-the-coding-interview/Cracking the coding interview/src/test/resources
2015-01-06 19:31:36,713 [Worker-45] WARN  o.e.m.c.i.embedder.EclipseLogger - Using platform encoding (UTF-8 actually) to copy filtered resources, i.e. build is platform dependent!
2015-01-06 19:31:36,713 [Worker-45] INFO  o.e.m.c.i.embedder.EclipseLogger - skip non existing resourceDirectory /Users/Lydia/GitHub/Cracking-the-coding-interview/Cracking the coding interview/src/main/resources
2015-01-06 19:31:36,716 [Worker-45] WARN  o.e.m.c.i.embedder.EclipseLogger - Using platform encoding (UTF-8 actually) to copy filtered resources, i.e. build is platform dependent!
2015-01-06 19:31:36,717 [Worker-45] INFO  o.e.m.c.i.embedder.EclipseLogger - skip non existing resourceDirectory /Users/Lydia/GitHub/Cracking-the-coding-interview/Cracking the coding interview/src/test/resources
2015-01-06 19:31:49,407 [Worker-44] WARN  o.e.m.c.i.embedder.EclipseLogger - Using platform encoding (UTF-8 actually) to copy filtered resources, i.e. build is platform dependent!
2015-01-06 19:31:49,407 [Worker-44] INFO  o.e.m.c.i.embedder.EclipseLogger - skip non existing resourceDirectory /Users/Lydia/GitHub/Cracking-the-coding-interview/Cracking the coding interview/src/main/resources
2015-01-06 19:31:49,409 [Worker-44] WARN  o.e.m.c.i.embedder.EclipseLogger - Using platform encoding (UTF-8 actually) to copy filtered resources, i.e. build is platform dependent!
2015-01-06 19:31:49,409 [Worker-44] INFO  o.e.m.c.i.embedder.EclipseLogger - skip non existing resourceDirectory /Users/Lydia/GitHub/Cracking-the-coding-interview/Cracking the coding interview/src/test/resources
2015-01-06 19:46:06,588 [Worker-52] WARN  o.e.m.c.i.embedder.EclipseLogger - Using platform encoding (UTF-8 actually) to copy filtered resources, i.e. build is platform dependent!
2015-01-06 19:46:06,590 [Worker-52] INFO  o.e.m.c.i.embedder.EclipseLogger - skip non existing resourceDirectory /Users/Lydia/GitHub/Cracking-the-coding-interview/Cracking the coding interview/src/main/resources
2015-01-06 19:46:06,591 [Worker-52] WARN  o.e.m.c.i.embedder.EclipseLogger - Using platform encoding (UTF-8 actually) to copy filtered resources, i.e. build is platform dependent!
2015-01-06 19:46:06,591 [Worker-52] INFO  o.e.m.c.i.embedder.EclipseLogger - skip non existing resourceDirectory /Users/Lydia/GitHub/Cracking-the-coding-interview/Cracking the coding interview/src/test/resources
2015-01-06 19:48:53,296 [Worker-53] WARN  o.e.m.c.i.embedder.EclipseLogger - Using platform encoding (UTF-8 actually) to copy filtered resources, i.e. build is platform dependent!
2015-01-06 19:48:53,297 [Worker-53] INFO  o.e.m.c.i.embedder.EclipseLogger - skip non existing resourceDirectory /Users/Lydia/GitHub/Cracking-the-coding-interview/Cracking the coding interview/src/main/resources
2015-01-06 19:48:53,299 [Worker-53] WARN  o.e.m.c.i.embedder.EclipseLogger - Using platform encoding (UTF-8 actually) to copy filtered resources, i.e. build is platform dependent!
2015-01-06 19:48:53,299 [Worker-53] INFO  o.e.m.c.i.embedder.EclipseLogger - skip non existing resourceDirectory /Users/Lydia/GitHub/Cracking-the-coding-interview/Cracking the coding interview/src/test/resources
2015-01-06 19:49:09,928 [Worker-53] WARN  o.e.m.c.i.embedder.EclipseLogger - Using platform encoding (UTF-8 actually) to copy filtered resources, i.e. build is platform dependent!
2015-01-06 19:49:09,929 [Worker-53] INFO  o.e.m.c.i.embedder.EclipseLogger - skip non existing resourceDirectory /Users/Lydia/GitHub/Cracking-the-coding-interview/Cracking the coding interview/src/main/resources
2015-01-06 19:49:09,931 [Worker-53] WARN  o.e.m.c.i.embedder.EclipseLogger - Using platform encoding (UTF-8 actually) to copy filtered resources, i.e. build is platform dependent!
2015-01-06 19:49:09,931 [Worker-53] INFO  o.e.m.c.i.embedder.EclipseLogger - skip non existing resourceDirectory /Users/Lydia/GitHub/Cracking-the-coding-interview/Cracking the coding interview/src/test/resources
2015-01-06 19:49:42,189 [Worker-53] WARN  o.e.m.c.i.embedder.EclipseLogger - Using platform encoding (UTF-8 actually) to copy filtered resources, i.e. build is platform dependent!
2015-01-06 19:49:42,189 [Worker-53] INFO  o.e.m.c.i.embedder.EclipseLogger - skip non existing resourceDirectory /Users/Lydia/GitHub/Cracking-the-coding-interview/Cracking the coding interview/src/main/resources
2015-01-06 19:49:42,191 [Worker-53] WARN  o.e.m.c.i.embedder.EclipseLogger - Using platform encoding (UTF-8 actually) to copy filtered resources, i.e. build is platform dependent!
2015-01-06 19:49:42,192 [Worker-53] INFO  o.e.m.c.i.embedder.EclipseLogger - skip non existing resourceDirectory /Users/Lydia/GitHub/Cracking-the-coding-interview/Cracking the coding interview/src/test/resources
2015-01-06 19:49:53,299 [Worker-55] WARN  o.e.m.c.i.embedder.EclipseLogger - Using platform encoding (UTF-8 actually) to copy filtered resources, i.e. build is platform dependent!
2015-01-06 19:49:53,300 [Worker-55] INFO  o.e.m.c.i.embedder.EclipseLogger - skip non existing resourceDirectory /Users/Lydia/GitHub/Cracking-the-coding-interview/Cracking the coding interview/src/main/resources
2015-01-06 19:49:53,303 [Worker-55] WARN  o.e.m.c.i.embedder.EclipseLogger - Using platform encoding (UTF-8 actually) to copy filtered resources, i.e. build is platform dependent!
2015-01-06 19:49:53,303 [Worker-55] INFO  o.e.m.c.i.embedder.EclipseLogger - skip non existing resourceDirectory /Users/Lydia/GitHub/Cracking-the-coding-interview/Cracking the coding interview/src/test/resources
2015-01-06 21:33:56,852 [Worker-69] WARN  o.e.m.c.i.embedder.EclipseLogger - Using platform encoding (UTF-8 actually) to copy filtered resources, i.e. build is platform dependent!
2015-01-06 21:33:56,852 [Worker-69] INFO  o.e.m.c.i.embedder.EclipseLogger - skip non existing resourceDirectory /Users/Lydia/GitHub/Cracking-the-coding-interview/Cracking the coding interview/src/main/resources
2015-01-06 21:33:56,854 [Worker-69] WARN  o.e.m.c.i.embedder.EclipseLogger - Using platform encoding (UTF-8 actually) to copy filtered resources, i.e. build is platform dependent!
2015-01-06 21:33:56,855 [Worker-69] INFO  o.e.m.c.i.embedder.EclipseLogger - skip non existing resourceDirectory /Users/Lydia/GitHub/Cracking-the-coding-interview/Cracking the coding interview/src/test/resources
2015-01-06 21:38:14,225 [Worker-78] WARN  o.e.m.c.i.embedder.EclipseLogger - Using platform encoding (UTF-8 actually) to copy filtered resources, i.e. build is platform dependent!
2015-01-06 21:38:14,226 [Worker-78] INFO  o.e.m.c.i.embedder.EclipseLogger - skip non existing resourceDirectory /Users/Lydia/GitHub/Cracking-the-coding-interview/Cracking the coding interview/src/main/resources
2015-01-06 21:38:14,227 [Worker-78] WARN  o.e.m.c.i.embedder.EclipseLogger - Using platform encoding (UTF-8 actually) to copy filtered resources, i.e. build is platform dependent!
2015-01-06 21:38:14,228 [Worker-78] INFO  o.e.m.c.i.embedder.EclipseLogger - skip non existing resourceDirectory /Users/Lydia/GitHub/Cracking-the-coding-interview/Cracking the coding interview/src/test/resources
2015-01-06 21:45:00,327 [Worker-86] WARN  o.e.m.c.i.embedder.EclipseLogger - Using platform encoding (UTF-8 actually) to copy filtered resources, i.e. build is platform dependent!
2015-01-06 21:45:00,327 [Worker-86] INFO  o.e.m.c.i.embedder.EclipseLogger - skip non existing resourceDirectory /Users/Lydia/GitHub/Cracking-the-coding-interview/Cracking the coding interview/src/main/resources
2015-01-06 21:45:00,329 [Worker-86] WARN  o.e.m.c.i.embedder.EclipseLogger - Using platform encoding (UTF-8 actually) to copy filtered resources, i.e. build is platform dependent!
2015-01-06 21:45:00,330 [Worker-86] INFO  o.e.m.c.i.embedder.EclipseLogger - skip non existing resourceDirectory /Users/Lydia/GitHub/Cracking-the-coding-interview/Cracking the coding interview/src/test/resources
2015-01-06 21:56:05,672 [Worker-96] WARN  o.e.m.c.i.embedder.EclipseLogger - Using platform encoding (UTF-8 actually) to copy filtered resources, i.e. build is platform dependent!
2015-01-06 21:56:05,673 [Worker-96] INFO  o.e.m.c.i.embedder.EclipseLogger - skip non existing resourceDirectory /Users/Lydia/GitHub/Cracking-the-coding-interview/Cracking the coding interview/src/main/resources
2015-01-06 21:56:05,675 [Worker-96] WARN  o.e.m.c.i.embedder.EclipseLogger - Using platform encoding (UTF-8 actually) to copy filtered resources, i.e. build is platform dependent!
2015-01-06 21:56:05,675 [Worker-96] INFO  o.e.m.c.i.embedder.EclipseLogger - skip non existing resourceDirectory /Users/Lydia/GitHub/Cracking-the-coding-interview/Cracking the coding interview/src/test/resources
2015-01-06 21:56:40,532 [Worker-95] WARN  o.e.m.c.i.embedder.EclipseLogger - Using platform encoding (UTF-8 actually) to copy filtered resources, i.e. build is platform dependent!
2015-01-06 21:56:40,533 [Worker-95] INFO  o.e.m.c.i.embedder.EclipseLogger - skip non existing resourceDirectory /Users/Lydia/GitHub/Cracking-the-coding-interview/Cracking the coding interview/src/main/resources
2015-01-06 21:56:40,534 [Worker-95] WARN  o.e.m.c.i.embedder.EclipseLogger - Using platform encoding (UTF-8 actually) to copy filtered resources, i.e. build is platform dependent!
2015-01-06 21:56:40,535 [Worker-95] INFO  o.e.m.c.i.embedder.EclipseLogger - skip non existing resourceDirectory /Users/Lydia/GitHub/Cracking-the-coding-interview/Cracking the coding interview/src/test/resources
2015-01-06 21:59:50,384 [Worker-95] WARN  o.e.m.c.i.embedder.EclipseLogger - Using platform encoding (UTF-8 actually) to copy filtered resources, i.e. build is platform dependent!
2015-01-06 21:59:50,385 [Worker-95] INFO  o.e.m.c.i.embedder.EclipseLogger - skip non existing resourceDirectory /Users/Lydia/GitHub/Cracking-the-coding-interview/Cracking the coding interview/src/main/resources
2015-01-06 21:59:50,386 [Worker-95] WARN  o.e.m.c.i.embedder.EclipseLogger - Using platform encoding (UTF-8 actually) to copy filtered resources, i.e. build is platform dependent!
2015-01-06 21:59:50,387 [Worker-95] INFO  o.e.m.c.i.embedder.EclipseLogger - skip non existing resourceDirectory /Users/Lydia/GitHub/Cracking-the-coding-interview/Cracking the coding interview/src/test/resources
2015-01-10 16:07:56,474 [Worker-3] WARN  o.e.m.c.i.embedder.EclipseLogger - Using platform encoding (UTF-8 actually) to copy filtered resources, i.e. build is platform dependent!
2015-01-10 16:07:56,479 [Worker-3] INFO  o.e.m.c.i.embedder.EclipseLogger - skip non existing resourceDirectory /Users/Lydia/GitHub/Cracking-the-coding-interview/Cracking the coding interview/src/main/resources
2015-01-10 16:07:56,482 [Worker-3] WARN  o.e.m.c.i.embedder.EclipseLogger - Using platform encoding (UTF-8 actually) to copy filtered resources, i.e. build is platform dependent!
2015-01-10 16:07:56,483 [Worker-3] INFO  o.e.m.c.i.embedder.EclipseLogger - skip non existing resourceDirectory /Users/Lydia/GitHub/Cracking-the-coding-interview/Cracking the coding interview/src/test/resources
2015-01-10 16:11:58,598 [Worker-2] WARN  o.e.m.c.i.embedder.EclipseLogger - Using platform encoding (UTF-8 actually) to copy filtered resources, i.e. build is platform dependent!
2015-01-10 16:11:58,600 [Worker-2] INFO  o.e.m.c.i.embedder.EclipseLogger - skip non existing resourceDirectory /Users/Lydia/GitHub/Cracking-the-coding-interview/Cracking the coding interview/src/main/resources
2015-01-10 16:11:58,603 [Worker-2] WARN  o.e.m.c.i.embedder.EclipseLogger - Using platform encoding (UTF-8 actually) to copy filtered resources, i.e. build is platform dependent!
2015-01-10 16:11:58,603 [Worker-2] INFO  o.e.m.c.i.embedder.EclipseLogger - skip non existing resourceDirectory /Users/Lydia/GitHub/Cracking-the-coding-interview/Cracking the coding interview/src/test/resources
2015-01-11 12:37:45,972 [Worker-4] WARN  o.e.m.c.i.embedder.EclipseLogger - Using platform encoding (UTF-8 actually) to copy filtered resources, i.e. build is platform dependent!
2015-01-11 12:37:45,976 [Worker-4] INFO  o.e.m.c.i.embedder.EclipseLogger - skip non existing resourceDirectory /Users/Lydia/GitHub/Cracking-the-coding-interview/Cracking the coding interview/src/main/resources
2015-01-11 12:37:45,979 [Worker-4] WARN  o.e.m.c.i.embedder.EclipseLogger - Using platform encoding (UTF-8 actually) to copy filtered resources, i.e. build is platform dependent!
2015-01-11 12:37:45,979 [Worker-4] INFO  o.e.m.c.i.embedder.EclipseLogger - skip non existing resourceDirectory /Users/Lydia/GitHub/Cracking-the-coding-interview/Cracking the coding interview/src/test/resources
2015-01-11 12:40:50,472 [Worker-6] WARN  o.e.m.c.i.embedder.EclipseLogger - Using platform encoding (UTF-8 actually) to copy filtered resources, i.e. build is platform dependent!
2015-01-11 12:40:50,474 [Worker-6] INFO  o.e.m.c.i.embedder.EclipseLogger - skip non existing resourceDirectory /Users/Lydia/GitHub/Cracking-the-coding-interview/Cracking the coding interview/src/main/resources
2015-01-11 12:40:50,476 [Worker-6] WARN  o.e.m.c.i.embedder.EclipseLogger - Using platform encoding (UTF-8 actually) to copy filtered resources, i.e. build is platform dependent!
2015-01-11 12:40:50,476 [Worker-6] INFO  o.e.m.c.i.embedder.EclipseLogger - skip non existing resourceDirectory /Users/Lydia/GitHub/Cracking-the-coding-interview/Cracking the coding interview/src/test/resources
2015-01-11 12:41:21,188 [Worker-5] WARN  o.e.m.c.i.embedder.EclipseLogger - Using platform encoding (UTF-8 actually) to copy filtered resources, i.e. build is platform dependent!
2015-01-11 12:41:21,189 [Worker-5] INFO  o.e.m.c.i.embedder.EclipseLogger - skip non existing resourceDirectory /Users/Lydia/GitHub/Cracking-the-coding-interview/Cracking the coding interview/src/main/resources
2015-01-11 12:41:21,192 [Worker-5] WARN  o.e.m.c.i.embedder.EclipseLogger - Using platform encoding (UTF-8 actually) to copy filtered resources, i.e. build is platform dependent!
2015-01-11 12:41:21,193 [Worker-5] INFO  o.e.m.c.i.embedder.EclipseLogger - skip non existing resourceDirectory /Users/Lydia/GitHub/Cracking-the-coding-interview/Cracking the coding interview/src/test/resources
2015-01-11 12:41:47,619 [Worker-6] WARN  o.e.m.c.i.embedder.EclipseLogger - Using platform encoding (UTF-8 actually) to copy filtered resources, i.e. build is platform dependent!
2015-01-11 12:41:47,619 [Worker-6] INFO  o.e.m.c.i.embedder.EclipseLogger - skip non existing resourceDirectory /Users/Lydia/GitHub/Cracking-the-coding-interview/Cracking the coding interview/src/main/resources
2015-01-11 12:41:47,622 [Worker-6] WARN  o.e.m.c.i.embedder.EclipseLogger - Using platform encoding (UTF-8 actually) to copy filtered resources, i.e. build is platform dependent!
2015-01-11 12:41:47,622 [Worker-6] INFO  o.e.m.c.i.embedder.EclipseLogger - skip non existing resourceDirectory /Users/Lydia/GitHub/Cracking-the-coding-interview/Cracking the coding interview/src/test/resources
2015-01-11 12:42:09,727 [Worker-4] WARN  o.e.m.c.i.embedder.EclipseLogger - Using platform encoding (UTF-8 actually) to copy filtered resources, i.e. build is platform dependent!
2015-01-11 12:42:09,728 [Worker-4] INFO  o.e.m.c.i.embedder.EclipseLogger - skip non existing resourceDirectory /Users/Lydia/GitHub/Cracking-the-coding-interview/Cracking the coding interview/src/main/resources
2015-01-11 12:42:09,729 [Worker-4] WARN  o.e.m.c.i.embedder.EclipseLogger - Using platform encoding (UTF-8 actually) to copy filtered resources, i.e. build is platform dependent!
2015-01-11 12:42:09,730 [Worker-4] INFO  o.e.m.c.i.embedder.EclipseLogger - skip non existing resourceDirectory /Users/Lydia/GitHub/Cracking-the-coding-interview/Cracking the coding interview/src/test/resources
2015-01-11 12:45:19,429 [Worker-6] WARN  o.e.m.c.i.embedder.EclipseLogger - Using platform encoding (UTF-8 actually) to copy filtered resources, i.e. build is platform dependent!
2015-01-11 12:45:19,430 [Worker-6] INFO  o.e.m.c.i.embedder.EclipseLogger - skip non existing resourceDirectory /Users/Lydia/GitHub/Cracking-the-coding-interview/Cracking the coding interview/src/main/resources
2015-01-11 12:45:19,431 [Worker-6] WARN  o.e.m.c.i.embedder.EclipseLogger - Using platform encoding (UTF-8 actually) to copy filtered resources, i.e. build is platform dependent!
2015-01-11 12:45:19,432 [Worker-6] INFO  o.e.m.c.i.embedder.EclipseLogger - skip non existing resourceDirectory /Users/Lydia/GitHub/Cracking-the-coding-interview/Cracking the coding interview/src/test/resources
2015-01-11 12:46:13,163 [Worker-6] WARN  o.e.m.c.i.embedder.EclipseLogger - Using platform encoding (UTF-8 actually) to copy filtered resources, i.e. build is platform dependent!
2015-01-11 12:46:13,163 [Worker-6] INFO  o.e.m.c.i.embedder.EclipseLogger - skip non existing resourceDirectory /Users/Lydia/GitHub/Cracking-the-coding-interview/Cracking the coding interview/src/main/resources
2015-01-11 12:46:13,165 [Worker-6] WARN  o.e.m.c.i.embedder.EclipseLogger - Using platform encoding (UTF-8 actually) to copy filtered resources, i.e. build is platform dependent!
2015-01-11 12:46:13,166 [Worker-6] INFO  o.e.m.c.i.embedder.EclipseLogger - skip non existing resourceDirectory /Users/Lydia/GitHub/Cracking-the-coding-interview/Cracking the coding interview/src/test/resources
2015-01-11 12:47:07,138 [Worker-9] WARN  o.e.m.c.i.embedder.EclipseLogger - Using platform encoding (UTF-8 actually) to copy filtered resources, i.e. build is platform dependent!
2015-01-11 12:47:07,139 [Worker-9] INFO  o.e.m.c.i.embedder.EclipseLogger - skip non existing resourceDirectory /Users/Lydia/GitHub/Cracking-the-coding-interview/Cracking the coding interview/src/main/resources
2015-01-11 12:47:07,141 [Worker-9] WARN  o.e.m.c.i.embedder.EclipseLogger - Using platform encoding (UTF-8 actually) to copy filtered resources, i.e. build is platform dependent!
2015-01-11 12:47:07,142 [Worker-9] INFO  o.e.m.c.i.embedder.EclipseLogger - skip non existing resourceDirectory /Users/Lydia/GitHub/Cracking-the-coding-interview/Cracking the coding interview/src/test/resources
2015-01-11 12:48:27,475 [Worker-6] WARN  o.e.m.c.i.embedder.EclipseLogger - Using platform encoding (UTF-8 actually) to copy filtered resources, i.e. build is platform dependent!
2015-01-11 12:48:27,475 [Worker-6] INFO  o.e.m.c.i.embedder.EclipseLogger - skip non existing resourceDirectory /Users/Lydia/GitHub/Cracking-the-coding-interview/Cracking the coding interview/src/main/resources
2015-01-11 12:48:27,476 [Worker-6] WARN  o.e.m.c.i.embedder.EclipseLogger - Using platform encoding (UTF-8 actually) to copy filtered resources, i.e. build is platform dependent!
2015-01-11 12:48:27,477 [Worker-6] INFO  o.e.m.c.i.embedder.EclipseLogger - skip non existing resourceDirectory /Users/Lydia/GitHub/Cracking-the-coding-interview/Cracking the coding interview/src/test/resources
2015-01-11 12:56:40,708 [Worker-13] WARN  o.e.m.c.i.embedder.EclipseLogger - Using platform encoding (UTF-8 actually) to copy filtered resources, i.e. build is platform dependent!
2015-01-11 12:56:40,714 [Worker-13] INFO  o.e.m.c.i.embedder.EclipseLogger - skip non existing resourceDirectory /Users/Lydia/GitHub/Cracking-the-coding-interview/Cracking the coding interview/src/main/resources
2015-01-11 12:56:40,715 [Worker-13] WARN  o.e.m.c.i.embedder.EclipseLogger - Using platform encoding (UTF-8 actually) to copy filtered resources, i.e. build is platform dependent!
2015-01-11 12:56:40,716 [Worker-13] INFO  o.e.m.c.i.embedder.EclipseLogger - skip non existing resourceDirectory /Users/Lydia/GitHub/Cracking-the-coding-interview/Cracking the coding interview/src/test/resources
2015-01-11 12:57:13,144 [Worker-10] WARN  o.e.m.c.i.embedder.EclipseLogger - Using platform encoding (UTF-8 actually) to copy filtered resources, i.e. build is platform dependent!
2015-01-11 12:57:13,144 [Worker-10] INFO  o.e.m.c.i.embedder.EclipseLogger - skip non existing resourceDirectory /Users/Lydia/GitHub/Cracking-the-coding-interview/Cracking the coding interview/src/main/resources
2015-01-11 12:57:13,146 [Worker-10] WARN  o.e.m.c.i.embedder.EclipseLogger - Using platform encoding (UTF-8 actually) to copy filtered resources, i.e. build is platform dependent!
2015-01-11 12:57:13,147 [Worker-10] INFO  o.e.m.c.i.embedder.EclipseLogger - skip non existing resourceDirectory /Users/Lydia/GitHub/Cracking-the-coding-interview/Cracking the coding interview/src/test/resources
2015-01-11 13:23:53,475 [Worker-18] WARN  o.e.m.c.i.embedder.EclipseLogger - Using platform encoding (UTF-8 actually) to copy filtered resources, i.e. build is platform dependent!
2015-01-11 13:23:53,477 [Worker-18] INFO  o.e.m.c.i.embedder.EclipseLogger - skip non existing resourceDirectory /Users/Lydia/GitHub/Cracking-the-coding-interview/Cracking the coding interview/src/main/resources
2015-01-11 13:23:53,479 [Worker-18] WARN  o.e.m.c.i.embedder.EclipseLogger - Using platform encoding (UTF-8 actually) to copy filtered resources, i.e. build is platform dependent!
2015-01-11 13:23:53,479 [Worker-18] INFO  o.e.m.c.i.embedder.EclipseLogger - skip non existing resourceDirectory /Users/Lydia/GitHub/Cracking-the-coding-interview/Cracking the coding interview/src/test/resources
2015-01-11 13:44:42,914 [Worker-27] WARN  o.e.m.c.i.embedder.EclipseLogger - Using platform encoding (UTF-8 actually) to copy filtered resources, i.e. build is platform dependent!
2015-01-11 13:44:42,924 [Worker-27] INFO  o.e.m.c.i.embedder.EclipseLogger - skip non existing resourceDirectory /Users/Lydia/GitHub/Cracking-the-coding-interview/Cracking the coding interview/src/main/resources
2015-01-11 13:44:42,927 [Worker-27] WARN  o.e.m.c.i.embedder.EclipseLogger - Using platform encoding (UTF-8 actually) to copy filtered resources, i.e. build is platform dependent!
2015-01-11 13:44:42,927 [Worker-27] INFO  o.e.m.c.i.embedder.EclipseLogger - skip non existing resourceDirectory /Users/Lydia/GitHub/Cracking-the-coding-interview/Cracking the coding interview/src/test/resources
2015-01-11 13:48:45,653 [Worker-27] WARN  o.e.m.c.i.embedder.EclipseLogger - Using platform encoding (UTF-8 actually) to copy filtered resources, i.e. build is platform dependent!
2015-01-11 13:48:45,653 [Worker-27] INFO  o.e.m.c.i.embedder.EclipseLogger - skip non existing resourceDirectory /Users/Lydia/GitHub/Cracking-the-coding-interview/Cracking the coding interview/src/main/resources
2015-01-11 13:48:45,655 [Worker-27] WARN  o.e.m.c.i.embedder.EclipseLogger - Using platform encoding (UTF-8 actually) to copy filtered resources, i.e. build is platform dependent!
2015-01-11 13:48:45,655 [Worker-27] INFO  o.e.m.c.i.embedder.EclipseLogger - skip non existing resourceDirectory /Users/Lydia/GitHub/Cracking-the-coding-interview/Cracking the coding interview/src/test/resources
2015-01-11 13:48:58,374 [Worker-24] WARN  o.e.m.c.i.embedder.EclipseLogger - Using platform encoding (UTF-8 actually) to copy filtered resources, i.e. build is platform dependent!
2015-01-11 13:48:58,374 [Worker-24] INFO  o.e.m.c.i.embedder.EclipseLogger - skip non existing resourceDirectory /Users/Lydia/GitHub/Cracking-the-coding-interview/Cracking the coding interview/src/main/resources
2015-01-11 13:48:58,377 [Worker-24] WARN  o.e.m.c.i.embedder.EclipseLogger - Using platform encoding (UTF-8 actually) to copy filtered resources, i.e. build is platform dependent!
2015-01-11 13:48:58,377 [Worker-24] INFO  o.e.m.c.i.embedder.EclipseLogger - skip non existing resourceDirectory /Users/Lydia/GitHub/Cracking-the-coding-interview/Cracking the coding interview/src/test/resources
